  [1m[35m (321.6ms)[0m  [1m[35mCREATE DATABASE "music_library_development" ENCODING = 'unicode'[0m
  ↳ bin/rails:9
  [1m[35m (325.1ms)[0m  [1m[35mCREATE DATABASE "music_library_test" ENCODING = 'unicode'[0m
  ↳ bin/rails:9
  [1m[35m (11.6ms)[0m  [1m[35mCREATE TABLE "schema_migrations" ("version" character varying NOT NULL PRIMARY KEY)[0m
  ↳ bin/rails:9
  [1m[35m (8.9ms)[0m  [1m[35mCREATE TABLE "ar_internal_metadata" ("key" character varying NOT NULL PRIMARY KEY, "value" character varying, "created_at" timestamp NOT NULL, "updated_at" timestamp NOT NULL)[0m
  ↳ bin/rails:9
  [1m[35m (0.2ms)[0m  [1m[34mSELECT pg_try_advisory_lock(6121326755698049070)[0m
  ↳ bin/rails:9
  [1m[35m (0.4ms)[0m  [1m[34mSELECT "schema_migrations"."version" FROM "schema_migrations" ORDER BY "schema_migrations"."version" ASC[0m
  ↳ bin/rails:9
Migrating to CreateUsers (20211116160651)
  [1m[35m (0.2ms)[0m  [1m[35mBEGIN[0m
  ↳ bin/rails:9
  [1m[35m (8.4ms)[0m  [1m[35mCREATE TABLE "users" ("id" bigserial primary key, "email" character varying NOT NULL, "password_digest" character varying NOT NULL, "session_token" character varying NOT NULL, "created_at" timestamp NOT NULL, "updated_at" timestamp NOT NULL)[0m
  ↳ db/migrate/20211116160651_create_users.rb:3
  [1m[35m (4.4ms)[0m  [1m[35mCREATE UNIQUE INDEX  "index_users_on_session_token" ON "users"  ("session_token")[0m
  ↳ db/migrate/20211116160651_create_users.rb:10
  [1m[35m (3.7ms)[0m  [1m[35mCREATE UNIQUE INDEX  "index_users_on_email" ON "users"  ("email")[0m
  ↳ db/migrate/20211116160651_create_users.rb:11
  [1m[36mActiveRecord::SchemaMigration Create (0.9ms)[0m  [1m[32mINSERT INTO "schema_migrations" ("version") VALUES ($1) RETURNING "version"[0m  [["version", "20211116160651"]]
  ↳ bin/rails:9
  [1m[35m (2.6ms)[0m  [1m[35mCOMMIT[0m
  ↳ bin/rails:9
  [1m[36mActiveRecord::InternalMetadata Load (0.3ms)[0m  [1m[34mSELECT  "ar_internal_metadata".* FROM "ar_internal_metadata" WHERE "ar_internal_metadata"."key" = $1 LIMIT $2[0m  [["key", "environment"], ["LIMIT", 1]]
  ↳ bin/rails:9
  [1m[35m (0.1ms)[0m  [1m[35mBEGIN[0m
  ↳ bin/rails:9
  [1m[36mActiveRecord::InternalMetadata Create (0.3ms)[0m  [1m[32mINSERT INTO "ar_internal_metadata" ("key", "value", "created_at", "updated_at") VALUES ($1, $2, $3, $4) RETURNING "key"[0m  [["key", "environment"], ["value", "development"], ["created_at", "2021-11-16 16:08:12.877906"], ["updated_at", "2021-11-16 16:08:12.877906"]]
  ↳ bin/rails:9
  [1m[35m (1.8ms)[0m  [1m[35mCOMMIT[0m
  ↳ bin/rails:9
  [1m[35m (0.4ms)[0m  [1m[34mSELECT pg_advisory_unlock(6121326755698049070)[0m
  ↳ bin/rails:9
  [1m[35m (0.3ms)[0m  [1m[34mSELECT "schema_migrations"."version" FROM "schema_migrations" ORDER BY "schema_migrations"."version" ASC[0m
  ↳ bin/rails:9
Started GET "/cats" for ::1 at 2021-11-16 11:53:08 -0500
  [1m[35m (0.5ms)[0m  [1m[34mSELECT "schema_migrations"."version" FROM "schema_migrations" ORDER BY "schema_migrations"."version" ASC[0m
  ↳ /home/sam/.rbenv/versions/2.5.1/lib/ruby/gems/2.5.0/gems/activerecord-5.2.6/lib/active_record/log_subscriber.rb:98
  
ActionController::RoutingError (No route matches [GET] "/cats"):
  
actionpack (5.2.6) lib/action_dispatch/middleware/debug_exceptions.rb:65:in `call'
web-console (3.7.0) lib/web_console/middleware.rb:135:in `call_app'
web-console (3.7.0) lib/web_console/middleware.rb:30:in `block in call'
web-console (3.7.0) lib/web_console/middleware.rb:20:in `catch'
web-console (3.7.0) lib/web_console/middleware.rb:20:in `call'
actionpack (5.2.6) lib/action_dispatch/middleware/show_exceptions.rb:33:in `call'
railties (5.2.6) lib/rails/rack/logger.rb:38:in `call_app'
railties (5.2.6) lib/rails/rack/logger.rb:26:in `block in call'
activesupport (5.2.6) lib/active_support/tagged_logging.rb:71:in `block in tagged'
activesupport (5.2.6) lib/active_support/tagged_logging.rb:28:in `tagged'
activesupport (5.2.6) lib/active_support/tagged_logging.rb:71:in `tagged'
railties (5.2.6) lib/rails/rack/logger.rb:26:in `call'
sprockets-rails (3.4.0) lib/sprockets/rails/quiet_assets.rb:13:in `call'
actionpack (5.2.6) lib/action_dispatch/middleware/remote_ip.rb:81:in `call'
actionpack (5.2.6) lib/action_dispatch/middleware/request_id.rb:27:in `call'
rack (2.2.3) lib/rack/method_override.rb:24:in `call'
rack (2.2.3) lib/rack/runtime.rb:22:in `call'
activesupport (5.2.6) lib/active_support/cache/strategy/local_cache_middleware.rb:29:in `call'
actionpack (5.2.6) lib/action_dispatch/middleware/executor.rb:14:in `call'
actionpack (5.2.6) lib/action_dispatch/middleware/static.rb:127:in `call'
rack (2.2.3) lib/rack/sendfile.rb:110:in `call'
railties (5.2.6) lib/rails/engine.rb:524:in `call'
puma (3.12.6) lib/puma/configuration.rb:227:in `call'
puma (3.12.6) lib/puma/server.rb:706:in `handle_request'
puma (3.12.6) lib/puma/server.rb:476:in `process_client'
puma (3.12.6) lib/puma/server.rb:334:in `block in run'
puma (3.12.6) lib/puma/thread_pool.rb:135:in `block in spawn_thread'
Started GET "/" for ::1 at 2021-11-16 11:53:09 -0500
Processing by Rails::WelcomeController#index as HTML
  Rendering /home/sam/.rbenv/versions/2.5.1/lib/ruby/gems/2.5.0/gems/railties-5.2.6/lib/rails/templates/rails/welcome/index.html.erb
  Rendered /home/sam/.rbenv/versions/2.5.1/lib/ruby/gems/2.5.0/gems/railties-5.2.6/lib/rails/templates/rails/welcome/index.html.erb (2.2ms)
Completed 200 OK in 6ms (Views: 4.4ms | ActiveRecord: 0.0ms)


Started GET "/users/new" for ::1 at 2021-11-16 11:53:15 -0500
Processing by UsersController#new as HTML
  Rendering users/new.html.erb within layouts/application
  Rendered users/new.html.erb within layouts/application (0.7ms)
Completed 200 OK in 3144ms (Views: 3143.1ms | ActiveRecord: 0.0ms)


Started POST "/users" for ::1 at 2021-11-16 11:53:31 -0500
Processing by UsersController#create as HTML
  Parameters: {"user"=>{"email"=>"topjimmy@vanhalen.com", "password"=>"[FILTERED]"}}
Can't verify CSRF token authenticity.
Completed 422 Unprocessable Entity in 1ms (ActiveRecord: 0.0ms)



ActionController::InvalidAuthenticityToken - ActionController::InvalidAuthenticityToken:

Started POST "/__better_errors/7e8976ef1a987556/variables" for ::1 at 2021-11-16 11:53:31 -0500
Started POST "/users" for ::1 at 2021-11-16 11:55:49 -0500
Processing by UsersController#create as HTML
  Parameters: {"user"=>{"email"=>"topjimmy@vanhalen.com", "password"=>"[FILTERED]"}}
Can't verify CSRF token authenticity.
Completed 422 Unprocessable Entity in 1ms (ActiveRecord: 0.0ms)



ActionController::InvalidAuthenticityToken - ActionController::InvalidAuthenticityToken:

Started POST "/__better_errors/313a71fa7f19795c/variables" for ::1 at 2021-11-16 11:55:49 -0500
Started POST "/users" for ::1 at 2021-11-16 11:56:08 -0500
  [1m[35m (0.4ms)[0m  [1m[34mSELECT "schema_migrations"."version" FROM "schema_migrations" ORDER BY "schema_migrations"."version" ASC[0m
  ↳ /home/sam/.rbenv/versions/2.5.1/lib/ruby/gems/2.5.0/gems/activerecord-5.2.6/lib/active_record/log_subscriber.rb:98
Processing by UsersController#create as HTML
  Parameters: {"user"=>{"email"=>"topjimmy@vanhalen.com", "password"=>"[FILTERED]"}}
Unpermitted parameters: :email, :password
Completed 500 Internal Server Error in 61ms (ActiveRecord: 0.0ms)



ArgumentError - wrong number of arguments (given 3, expected 1):
  app/controllers/users_controller.rb:21:in `user_params'
  app/controllers/users_controller.rb:8:in `create'

Started POST "/__better_errors/962e66b9138a0f49/variables" for ::1 at 2021-11-16 11:56:08 -0500
Started POST "/__better_errors/962e66b9138a0f49/variables" for ::1 at 2021-11-16 11:57:05 -0500
Started POST "/users" for ::1 at 2021-11-16 11:57:32 -0500
Processing by UsersController#create as HTML
  Parameters: {"user"=>{"email"=>"topjimmy@vanhalen.com", "password"=>"[FILTERED]"}}
Unpermitted parameters: :email, :password
Completed 500 Internal Server Error in 1ms (ActiveRecord: 0.0ms)



ArgumentError - wrong number of arguments (given 3, expected 1):
  app/controllers/users_controller.rb:21:in `user_params'
  app/controllers/users_controller.rb:8:in `create'

Started POST "/__better_errors/129851b43a40409e/variables" for ::1 at 2021-11-16 11:57:32 -0500
Started POST "/__better_errors/129851b43a40409e/variables" for ::1 at 2021-11-16 11:58:01 -0500
Started POST "/users" for ::1 at 2021-11-16 11:58:29 -0500
Processing by UsersController#create as HTML
  Parameters: {"user"=>{"email"=>"topjimmy@vanhalen.com", "password"=>"[FILTERED]"}}
Unpermitted parameters: :email, :password
Completed 500 Internal Server Error in 1ms (ActiveRecord: 0.0ms)



ArgumentError - wrong number of arguments (given 3, expected 1):
  app/controllers/users_controller.rb:21:in `user_params'
  app/controllers/users_controller.rb:8:in `create'

Started POST "/__better_errors/744e1360b47dbefc/variables" for ::1 at 2021-11-16 11:58:29 -0500
Started POST "/users" for ::1 at 2021-11-16 11:58:40 -0500
  [1m[35m (0.5ms)[0m  [1m[34mSELECT "schema_migrations"."version" FROM "schema_migrations" ORDER BY "schema_migrations"."version" ASC[0m
  ↳ /home/sam/.rbenv/versions/2.5.1/lib/ruby/gems/2.5.0/gems/activerecord-5.2.6/lib/active_record/log_subscriber.rb:98
Processing by UsersController#create as HTML
  Parameters: {"user"=>{"email"=>"topjimmy@vanhalen.com", "password"=>"[FILTERED]"}}
Unpermitted parameters: :email, :password
Completed 500 Internal Server Error in 166459ms (ActiveRecord: 0.0ms)



SystemExit - exit:
  (byebug):1:in `process_action'

Started POST "/users" for ::1 at 2021-11-16 12:01:34 -0500
  [1m[35m (0.5ms)[0m  [1m[34mSELECT "schema_migrations"."version" FROM "schema_migrations" ORDER BY "schema_migrations"."version" ASC[0m
  ↳ /home/sam/.rbenv/versions/2.5.1/lib/ruby/gems/2.5.0/gems/activerecord-5.2.6/lib/active_record/log_subscriber.rb:98
Processing by UsersController#create as HTML
  Parameters: {"user"=>{"email"=>"topjimmy@vanhalen.com", "password"=>"[FILTERED]"}}
Unpermitted parameters: :email, :password
Completed 500 Internal Server Error in 11075ms (ActiveRecord: 0.0ms)



SystemExit - exit:
  (byebug):1:in `process_action'

Started POST "/users" for 127.0.0.1 at 2021-11-16 12:03:50 -0500
  [1m[35m (0.4ms)[0m  [1m[34mSELECT "schema_migrations"."version" FROM "schema_migrations" ORDER BY "schema_migrations"."version" ASC[0m
  ↳ /home/sam/.rbenv/versions/2.5.1/lib/ruby/gems/2.5.0/gems/activerecord-5.2.6/lib/active_record/log_subscriber.rb:98

SyntaxError - syntax error, unexpected keyword_end, expecting ')'
    end
    ^~~:
  app/controllers/users_controller.rb:23:in `'

Started POST "/__better_errors/0a75e6bfdb61e6ef/variables" for 127.0.0.1 at 2021-11-16 12:03:50 -0500
Started POST "/users" for 127.0.0.1 at 2021-11-16 12:04:01 -0500
Processing by UsersController#create as HTML
  Parameters: {"user"=>{"email"=>"topjimmy@vanhalen.com", "password"=>"[FILTERED]"}}
  [1m[35m (0.3ms)[0m  [1m[35mBEGIN[0m
  ↳ app/controllers/users_controller.rb:10
  [1m[36mUser Exists (0.6ms)[0m  [1m[34mSELECT  1 AS one FROM "users" WHERE "users"."email" = $1 LIMIT $2[0m  [["email", "topjimmy@vanhalen.com"], ["LIMIT", 1]]
  ↳ app/controllers/users_controller.rb:10
  [1m[36mUser Exists (0.4ms)[0m  [1m[34mSELECT  1 AS one FROM "users" WHERE "users"."session_token" = $1 LIMIT $2[0m  [["session_token", "RG_vD2TDV3VH6QbVf1Iz7w"], ["LIMIT", 1]]
  ↳ app/controllers/users_controller.rb:10
  [1m[36mUser Create (0.5ms)[0m  [1m[32mINSERT INTO "users" ("email", "password_digest", "session_token", "created_at", "updated_at") VALUES ($1, $2, $3, $4, $5) RETURNING "id"[0m  [["email", "topjimmy@vanhalen.com"], ["password_digest", "$2a$12$3Tk6/vy7uzMYTZRRT/maauFesdF9tHcbHPdVSXJNuCY6QKR9jcXUG"], ["session_token", "RG_vD2TDV3VH6QbVf1Iz7w"], ["created_at", "2021-11-16 17:04:11.768275"], ["updated_at", "2021-11-16 17:04:11.768275"]]
  ↳ app/controllers/users_controller.rb:10
  [1m[35m (2.8ms)[0m  [1m[35mCOMMIT[0m
  ↳ app/controllers/users_controller.rb:10
Redirected to http://localhost:3000/users
Completed 302 Found in 9681ms (ActiveRecord: 7.1ms)


Started GET "/users" for 127.0.0.1 at 2021-11-16 12:04:11 -0500
Processing by UsersController#index as HTML
  Rendering users/index.html.erb within layouts/application
  Rendered users/index.html.erb within layouts/application (0.9ms)
Completed 200 OK in 1926ms (Views: 1825.6ms | ActiveRecord: 0.0ms)


  [1m[36mUser Load (0.5ms)[0m  [1m[34mSELECT "users".* FROM "users"[0m
Started GET "/users" for ::1 at 2021-11-16 12:14:40 -0500
  [1m[35m (0.5ms)[0m  [1m[34mSELECT "schema_migrations"."version" FROM "schema_migrations" ORDER BY "schema_migrations"."version" ASC[0m
  ↳ /home/sam/.rbenv/versions/2.5.1/lib/ruby/gems/2.5.0/gems/activerecord-5.2.6/lib/active_record/log_subscriber.rb:98
Processing by UsersController#index as HTML
  Rendering users/index.html.erb within layouts/application
  Rendered users/index.html.erb within layouts/application (5.8ms)
Completed 200 OK in 1814ms (Views: 1736.5ms | ActiveRecord: 0.0ms)


Started GET "/session/new" for ::1 at 2021-11-16 12:14:45 -0500
Processing by SessionsController#new as HTML
Completed 500 Internal Server Error in 69ms (ActiveRecord: 0.0ms)



ActionView::MissingTemplate - Missing template sessions/new, application/new with {:locale=>[:en], :formats=>[:html], :variants=>[], :handlers=>[:raw, :erb, :html, :builder, :ruby, :coffee, :jbuilder]}. Searched in:
  * "/mnt/c/users/sgele/desktop/AA_Bootcamp/PROJECTS/Week 7 (11.15 - 11.19)/W7D2/music_library/app/views":
  app/controllers/sessions_controller.rb:9:in `new'

Started POST "/__better_errors/b945f9598a0ccafd/variables" for ::1 at 2021-11-16 12:14:46 -0500
Started GET "/users" for ::1 at 2021-11-16 12:17:29 -0500
Processing by UsersController#index as HTML
  Rendering users/index.html.erb within layouts/application
  Rendered users/index.html.erb within layouts/application (0.4ms)
Completed 200 OK in 747ms (Views: 642.9ms | ActiveRecord: 0.0ms)


Started GET "/session/new" for ::1 at 2021-11-16 12:17:32 -0500
Processing by SessionsController#new as HTML
  Rendering sessions/new.html.erb within layouts/application
  Rendered sessions/new.html.erb within layouts/application (0.9ms)
Completed 200 OK in 819ms (Views: 818.3ms | ActiveRecord: 0.0ms)


Started POST "/session" for ::1 at 2021-11-16 12:17:40 -0500
Processing by SessionsController#create as HTML
  Parameters: {"user"=>{"email"=>"topjimmy@vanhalen.com", "password"=>"[FILTERED]"}}
  [1m[36mUser Load (0.4ms)[0m  [1m[34mSELECT  "users".* FROM "users" WHERE "users"."email" = $1 LIMIT $2[0m  [["email", "topjimmy@vanhalen.com"], ["LIMIT", 1]]
  ↳ app/models/user.rb:15
Completed 500 Internal Server Error in 81ms (ActiveRecord: 3.3ms)



NoMethodError - undefined method `is_password?' for #<Class:0x00007fda6c5630a8>:
  app/models/user.rb:16:in `find_by_credentials'
  app/controllers/sessions_controller.rb:13:in `create'

Started POST "/__better_errors/58a704b4e31367e3/variables" for ::1 at 2021-11-16 12:17:40 -0500
  [1m[36mUser Load (0.5ms)[0m  [1m[34mSELECT "users".* FROM "users"[0m
